Using pre-set license
Built from '2021.1/staging' branch; Version is '2021.1.19f1 (5f5eb8bbdc25) revision 6250168'; Using compiler version '192528614'; Build Type 'Release'
OS: 'Windows 10 Home; OS build 19043.1165; Version 2009; 64bit' Language: 'es' Physical Memory: 7103 MB
BatchMode: 1, IsHumanControllingUs: 0, StartBugReporterOnCrash: 0, Is64bit: 1, IsPro: 0

COMMAND LINE ARGUMENTS:
C:\Program Files\Unity\Hub\Editor\2021.1.19f1\Editor\Unity.exe
-adb2
-batchMode
-noUpm
-name
AssetImportWorker1
-projectPath
C:/Users/marcp/Tanks/TANKS-UNITY-TUTORIAL
-logFile
Logs/AssetImportWorker1.log
-srvPort
61080
Successfully changed project path to: C:/Users/marcp/Tanks/TANKS-UNITY-TUTORIAL
C:/Users/marcp/Tanks/TANKS-UNITY-TUTORIAL
Using Asset Import Pipeline V2.
Refreshing native plugins compatible for Editor in 147.04 ms, found 3 plugins.
Preloading 0 native plugins for Editor in 0.00 ms.
Initialize engine version: 2021.1.19f1 (5f5eb8bbdc25)
[Subsystems] Discovering subsystems at path C:/Program Files/Unity/Hub/Editor/2021.1.19f1/Editor/Data/Resources/UnitySubsystems
[Subsystems] Discovering subsystems at path C:/Users/marcp/Tanks/TANKS-UNITY-TUTORIAL/Assets
GfxDevice: creating device client; threaded=0; jobified=0
Direct3D:
    Version:  Direct3D 11.0 [level 11.1]
    Renderer: AMD Radeon(TM) Vega 8 Graphics (ID=0x15d8)
    Vendor:   ATI
    VRAM:     3551 MB
    Driver:   27.20.1034.6
Initialize mono
Mono path[0] = 'C:/Program Files/Unity/Hub/Editor/2021.1.19f1/Editor/Data/Managed'
Mono path[1] = 'C:/Program Files/Unity/Hub/Editor/2021.1.19f1/Editor/Data/MonoBleedingEdge/lib/mono/unityjit'
Mono config path = 'C:/Program Files/Unity/Hub/Editor/2021.1.19f1/Editor/Data/MonoBleedingEdge/etc'
Using monoOptions --debugger-agent=transport=dt_socket,embedding=1,server=y,suspend=n,address=127.0.0.1:56796
Begin MonoManager ReloadAssembly
Registering precompiled unity dll's ...
Register platform support module: C:/Program Files/Unity/Hub/Editor/2021.1.19f1/Editor/Data/PlaybackEngines/WindowsStandaloneSupport/UnityEditor.WindowsStandalone.Extensions.dll
Registered in 0.002669 seconds.
Native extension for WindowsStandalone target not found
Refreshing native plugins compatible for Editor in 129.41 ms, found 3 plugins.
Preloading 0 native plugins for Editor in 0.00 ms.
Mono: successfully reloaded assembly
- Completed reload, in  1.633 seconds
Domain Reload Profiling:
	ReloadAssembly (1634ms)
		BeginReloadAssembly (83ms)
			ExecutionOrderSort (0ms)
			DisableScriptedObjects (0ms)
			BackupInstance (0ms)
			ReleaseScriptingObjects (0ms)
			CreateAndSetChildDomain (1ms)
		EndReloadAssembly (601ms)
			LoadAssemblies (79ms)
			RebuildTransferFunctionScriptingTraits (0ms)
			SetupTypeCache (204ms)
			ReleaseScriptCaches (0ms)
			RebuildScriptCaches (34ms)
			SetupLoadedEditorAssemblies (301ms)
				LogAssemblyErrors (0ms)
				InitializePlatformSupportModulesInManaged (9ms)
				SetLoadedEditorAssemblies (0ms)
				RefreshPlugins (130ms)
				BeforeProcessingInitializeOnLoad (2ms)
				ProcessInitializeOnLoadAttributes (122ms)
				ProcessInitializeOnLoadMethodAttributes (38ms)
				AfterProcessingInitializeOnLoad (0ms)
				EditorAssembliesLoaded (0ms)
			ExecutionOrderSort2 (0ms)
			AwakeInstancesAfterBackupRestoration (0ms)
Platform modules already initialized, skipping
Registering precompiled user dll's ...
Registered in 0.010482 seconds.
Begin MonoManager ReloadAssembly
Symbol file LoadedFromMemory doesn't match image C:\Users\marcp\Tanks\TANKS-UNITY-TUTORIAL\Library\PackageCache\com.unity.visualscripting@1.6.1\Editor\VisualScripting.Core\Dependencies\DotNetZip\Unity.VisualScripting.IonicZip.dll
Symbol file LoadedFromMemory doesn't match image C:\Users\marcp\Tanks\TANKS-UNITY-TUTORIAL\Library\PackageCache\com.unity.visualscripting@1.6.1\Editor\VisualScripting.Core\Dependencies\YamlDotNet\Unity.VisualScripting.YamlDotNet.dll
Native extension for WindowsStandalone target not found
Refreshing native plugins compatible for Editor in 1.18 ms, found 3 plugins.
Preloading 0 native plugins for Editor in 0.00 ms.
Mono: successfully reloaded assembly
- Completed reload, in  1.771 seconds
Domain Reload Profiling:
	ReloadAssembly (1771ms)
		BeginReloadAssembly (202ms)
			ExecutionOrderSort (0ms)
			DisableScriptedObjects (7ms)
			BackupInstance (0ms)
			ReleaseScriptingObjects (0ms)
			CreateAndSetChildDomain (27ms)
		EndReloadAssembly (1486ms)
			LoadAssemblies (139ms)
			RebuildTransferFunctionScriptingTraits (0ms)
			SetupTypeCache (452ms)
			ReleaseScriptCaches (1ms)
			RebuildScriptCaches (64ms)
			SetupLoadedEditorAssemblies (711ms)
				LogAssemblyErrors (0ms)
				InitializePlatformSupportModulesInManaged (6ms)
				SetLoadedEditorAssemblies (1ms)
				RefreshPlugins (1ms)
				BeforeProcessingInitializeOnLoad (111ms)
				ProcessInitializeOnLoadAttributes (493ms)
				ProcessInitializeOnLoadMethodAttributes (90ms)
				AfterProcessingInitializeOnLoad (10ms)
				EditorAssembliesLoaded (0ms)
			ExecutionOrderSort2 (0ms)
			AwakeInstancesAfterBackupRestoration (8ms)
Platform modules already initialized, skipping
========================================================================
Worker process is ready to serve import requests
Launched and connected shader compiler UnityShaderCompiler.exe after 0.12 seconds
Refreshing native plugins compatible for Editor in 1.25 ms, found 3 plugins.
Preloading 0 native plugins for Editor in 0.00 ms.
Unloading 3657 Unused Serialized files (Serialized files now loaded: 0)
System memory in use before: 132.2 MB.
System memory in use after: 132.4 MB.

Unloading 60 unused Assets to reduce memory usage. Loaded Objects now: 4076.
Total: 9.010900 ms (FindLiveObjects: 0.377900 ms CreateObjectMapping: 0.122900 ms MarkObjects: 8.410600 ms  DeleteObjects: 0.098100 ms)

AssetImportParameters requested are different than current active one (requested -> active):
  custom:framework-win-MediaFoundation: 216162199b28c13a410421893ffa2e32 -> 
  custom:video-decoder-ogg-theora: a1e56fd34408186e4bbccfd4996cb3dc -> 
  custom:container-muxer-webm: aa71ff27fc2769a1b78a27578f13a17b -> 
  custom:container-demuxer-webm: 4f35f7cbe854078d1ac9338744f61a02 -> 
  custom:container-demuxer-ogg: 62fdf1f143b41e24485cea50d1cbac27 -> 
  custom:video-encoder-webm-vp8: eb34c28f22e8b96e1ab97ce403110664 -> 
  custom:video-decoder-webm-vp8: 9c59270c3fd7afecdb556c50c9e8de78 -> 
  custom:audio-decoder-ogg-vorbis: bf7c407c2cedff20999df2af8eb42d56 -> 
  custom:audio-encoder-webm-vorbis: bf7c407c2cedff20999df2af8eb42d56 -> 
========================================================================
Received Import Request.
  path: Assets/Prefabs
  artifactKey: Guid(c2d6bea73573c9f4499c64d2b2f5f0ca) Importer(815301076,1909f56bfc062723c751e8b465ee728b)
Start importing Assets/Prefabs using Guid(c2d6bea73573c9f4499c64d2b2f5f0ca) Importer(815301076,1909f56bfc062723c751e8b465ee728b)  -> (artifact id: 'eaeccfafc184ae9ec24e0d2ab4991deb') in 0.016302 seconds 
========================================================================
Received Import Request.
  Time since last request: 607.578750 seconds.
  path: Assets/Sprites/Health Wheel.png
  artifactKey: Guid(c7dd97e9cd879304795b366cbf187bfe) Importer(815301076,1909f56bfc062723c751e8b465ee728b)
Start importing Assets/Sprites/Health Wheel.png using Guid(c7dd97e9cd879304795b366cbf187bfe) Importer(815301076,1909f56bfc062723c751e8b465ee728b)  -> (artifact id: 'c6ede456be0543aff8f3e577a2ae8d2c') in 0.196524 seconds 
========================================================================
Received Import Request.
  Time since last request: 1.488778 seconds.
  path: Assets/Sprites/Aim Arrow.png
  artifactKey: Guid(ab943d3d5ac38bb448fabe3cdc9516d1) Importer(815301076,1909f56bfc062723c751e8b465ee728b)
Start importing Assets/Sprites/Aim Arrow.png using Guid(ab943d3d5ac38bb448fabe3cdc9516d1) Importer(815301076,1909f56bfc062723c751e8b465ee728b)  -> (artifact id: '68110cc33df3ea020dcad62d34624a23') in 0.028715 seconds 
========================================================================
Received Import Request.
  Time since last request: 559.767489 seconds.
  path: Assets/AudioMixer
  artifactKey: Guid(27296e395b58eb144a3a7888783ec212) Importer(815301076,1909f56bfc062723c751e8b465ee728b)
Start importing Assets/AudioMixer using Guid(27296e395b58eb144a3a7888783ec212) Importer(815301076,1909f56bfc062723c751e8b465ee728b)  -> (artifact id: 'f0d81f273fa7a0063f6f6d2e40a64de5') in 0.011625 seconds 
========================================================================
Received Import Request.
  Time since last request: 71.091020 seconds.
  path: Assets/AudioMixer/AudioMixer.mixer
  artifactKey: Guid(38a50769105f4e54f93926e5da71475f) Importer(815301076,1909f56bfc062723c751e8b465ee728b)
Start importing Assets/AudioMixer/AudioMixer.mixer using Guid(38a50769105f4e54f93926e5da71475f) Importer(815301076,1909f56bfc062723c751e8b465ee728b)  -> (artifact id: '3bb19a98cfb4840d325007c2c31a00d5') in 0.011743 seconds 
========================================================================
Received Import Request.
  Time since last request: 112.130231 seconds.
  path: Assets/AudioMixer/AudioMixer.mixer
  artifactKey: Guid(38a50769105f4e54f93926e5da71475f) Importer(815301076,1909f56bfc062723c751e8b465ee728b)
Start importing Assets/AudioMixer/AudioMixer.mixer using Guid(38a50769105f4e54f93926e5da71475f) Importer(815301076,1909f56bfc062723c751e8b465ee728b)  -> (artifact id: 'e3e34d1f55ee1ca6557d90b81ebf104c') in 0.006009 seconds 
========================================================================
Received Import Request.
  Time since last request: 8.531489 seconds.
  path: Assets/AudioMixer/AudioMixer.mixer
  artifactKey: Guid(38a50769105f4e54f93926e5da71475f) Importer(815301076,1909f56bfc062723c751e8b465ee728b)
Start importing Assets/AudioMixer/AudioMixer.mixer using Guid(38a50769105f4e54f93926e5da71475f) Importer(815301076,1909f56bfc062723c751e8b465ee728b)  -> (artifact id: '29ca595c0c54c55a32b8c5be0d5bcee6') in 0.007137 seconds 
========================================================================
Received Import Request.
  Time since last request: 8.937177 seconds.
  path: Assets/AudioMixer/AudioMixer.mixer
  artifactKey: Guid(38a50769105f4e54f93926e5da71475f) Importer(815301076,1909f56bfc062723c751e8b465ee728b)
Start importing Assets/AudioMixer/AudioMixer.mixer using Guid(38a50769105f4e54f93926e5da71475f) Importer(815301076,1909f56bfc062723c751e8b465ee728b)  -> (artifact id: '34828b799c2b3cb9aeae04c88f45d956') in 0.005706 seconds 
========================================================================
Received Import Request.
  Time since last request: 11.998695 seconds.
  path: Assets/AudioMixer/AudioMixer.mixer
  artifactKey: Guid(38a50769105f4e54f93926e5da71475f) Importer(815301076,1909f56bfc062723c751e8b465ee728b)
Start importing Assets/AudioMixer/AudioMixer.mixer using Guid(38a50769105f4e54f93926e5da71475f) Importer(815301076,1909f56bfc062723c751e8b465ee728b)  -> (artifact id: '1a15a57b3caca5bb912c6130ab8e7438') in 0.006290 seconds 
========================================================================
Received Import Request.
  Time since last request: 122.194251 seconds.
  path: Assets/AudioMixer/AudioMixer.mixer
  artifactKey: Guid(38a50769105f4e54f93926e5da71475f) Importer(815301076,1909f56bfc062723c751e8b465ee728b)
Start importing Assets/AudioMixer/AudioMixer.mixer using Guid(38a50769105f4e54f93926e5da71475f) Importer(815301076,1909f56bfc062723c751e8b465ee728b)  -> (artifact id: 'af4c72e9801d33b473a808c85ca92cb8') in 0.005631 seconds 
========================================================================
Received Import Request.
  Time since last request: 1.905202 seconds.
  path: Assets/AudioMixer/AudioMixer.mixer
  artifactKey: Guid(38a50769105f4e54f93926e5da71475f) Importer(815301076,1909f56bfc062723c751e8b465ee728b)
Start importing Assets/AudioMixer/AudioMixer.mixer using Guid(38a50769105f4e54f93926e5da71475f) Importer(815301076,1909f56bfc062723c751e8b465ee728b)  -> (artifact id: '328e72e381a1a26f6ae9524ac7166075') in 0.006587 seconds 
========================================================================
Received Import Request.
  Time since last request: 105.964941 seconds.
  path: Assets/Prefabs/Tank.prefab
  artifactKey: Guid(b999bb6bfcab7f54eab37b4eaddb7f0f) Importer(815301076,1909f56bfc062723c751e8b465ee728b)
Start importing Assets/Prefabs/Tank.prefab using Guid(b999bb6bfcab7f54eab37b4eaddb7f0f) Importer(815301076,1909f56bfc062723c751e8b465ee728b)  -> (artifact id: '7bc2d170efffa301fee899dc48c72488') in 0.162484 seconds 
========================================================================
Received Import Request.
  Time since last request: 66.164744 seconds.
  path: Assets/Prefabs/Tank.prefab
  artifactKey: Guid(b999bb6bfcab7f54eab37b4eaddb7f0f) Importer(815301076,1909f56bfc062723c751e8b465ee728b)
Start importing Assets/Prefabs/Tank.prefab using Guid(b999bb6bfcab7f54eab37b4eaddb7f0f) Importer(815301076,1909f56bfc062723c751e8b465ee728b)  -> (artifact id: '2d4553c74128b20e56d00134acb1cc07') in 0.038796 seconds 
========================================================================
Received Import Request.
  Time since last request: 47.109311 seconds.
  path: Assets/Prefabs/ShellExplosion.prefab
  artifactKey: Guid(89e78efe92dfe5a42837b392cdb0bf9e) Importer(815301076,1909f56bfc062723c751e8b465ee728b)
Start importing Assets/Prefabs/ShellExplosion.prefab using Guid(89e78efe92dfe5a42837b392cdb0bf9e) Importer(815301076,1909f56bfc062723c751e8b465ee728b)  -> (artifact id: 'dd8833d49cba2f5a2c1b0054bbea5d46') in 0.024286 seconds 
========================================================================
Received Import Request.
  Time since last request: 41.779370 seconds.
  path: Assets/Prefabs/TankExplosion.prefab
  artifactKey: Guid(ee49a9a8678ecf8468eb488e1ac8d42b) Importer(815301076,1909f56bfc062723c751e8b465ee728b)
Start importing Assets/Prefabs/TankExplosion.prefab using Guid(ee49a9a8678ecf8468eb488e1ac8d42b) Importer(815301076,1909f56bfc062723c751e8b465ee728b)  -> (artifact id: '15ee42a64b4358da82e3b5720bd1330d') in 0.021794 seconds 
========================================================================
Received Import Request.
  Time since last request: 188.786833 seconds.
  path: Assets/AudioMixer/AudioMixer.mixer
  artifactKey: Guid(38a50769105f4e54f93926e5da71475f) Importer(815301076,1909f56bfc062723c751e8b465ee728b)
Start importing Assets/AudioMixer/AudioMixer.mixer using Guid(38a50769105f4e54f93926e5da71475f) Importer(815301076,1909f56bfc062723c751e8b465ee728b)  -> (artifact id: 'f11c00deb6dedf79276b2c289b2e42b0') in 0.006296 seconds 
========================================================================
Received Prepare
Registering precompiled user dll's ...
Registered in 0.008974 seconds.
Begin MonoManager ReloadAssembly
Symbol file LoadedFromMemory doesn't match image C:\Users\marcp\Tanks\TANKS-UNITY-TUTORIAL\Library\PackageCache\com.unity.visualscripting@1.6.1\Editor\VisualScripting.Core\Dependencies\DotNetZip\Unity.VisualScripting.IonicZip.dll
Symbol file LoadedFromMemory doesn't match image C:\Users\marcp\Tanks\TANKS-UNITY-TUTORIAL\Library\PackageCache\com.unity.visualscripting@1.6.1\Editor\VisualScripting.Core\Dependencies\YamlDotNet\Unity.VisualScripting.YamlDotNet.dll
Native extension for WindowsStandalone target not found
Refreshing native plugins compatible for Editor in 1.72 ms, found 3 plugins.
Preloading 0 native plugins for Editor in 0.00 ms.
Mono: successfully reloaded assembly
- Completed reload, in  1.701 seconds
Domain Reload Profiling:
	ReloadAssembly (1702ms)
		BeginReloadAssembly (172ms)
			ExecutionOrderSort (0ms)
			DisableScriptedObjects (8ms)
			BackupInstance (0ms)
			ReleaseScriptingObjects (0ms)
			CreateAndSetChildDomain (57ms)
		EndReloadAssembly (1444ms)
			LoadAssemblies (127ms)
			RebuildTransferFunctionScriptingTraits (0ms)
			SetupTypeCache (540ms)
			ReleaseScriptCaches (2ms)
			RebuildScriptCaches (60ms)
			SetupLoadedEditorAssemblies (534ms)
				LogAssemblyErrors (0ms)
				InitializePlatformSupportModulesInManaged (7ms)
				SetLoadedEditorAssemblies (1ms)
				RefreshPlugins (2ms)
				BeforeProcessingInitializeOnLoad (94ms)
				ProcessInitializeOnLoadAttributes (341ms)
				ProcessInitializeOnLoadMethodAttributes (79ms)
				AfterProcessingInitializeOnLoad (9ms)
				EditorAssembliesLoaded (0ms)
			ExecutionOrderSort2 (0ms)
			AwakeInstancesAfterBackupRestoration (14ms)
Platform modules already initialized, skipping
Refreshing native plugins compatible for Editor in 1.54 ms, found 3 plugins.
Preloading 0 native plugins for Editor in 0.00 ms.
Unloading 3626 Unused Serialized files (Serialized files now loaded: 0)
System memory in use before: 134.9 MB.
System memory in use after: 135.1 MB.

Unloading 53 unused Assets to reduce memory usage. Loaded Objects now: 4118.
Total: 10.735300 ms (FindLiveObjects: 0.453900 ms CreateObjectMapping: 0.210600 ms MarkObjects: 9.977000 ms  DeleteObjects: 0.091800 ms)

AssetImportParameters requested are different than current active one (requested -> active):
  custom:framework-win-MediaFoundation: 216162199b28c13a410421893ffa2e32 -> 
  custom:video-decoder-ogg-theora: a1e56fd34408186e4bbccfd4996cb3dc -> 
  custom:container-muxer-webm: aa71ff27fc2769a1b78a27578f13a17b -> 
  custom:container-demuxer-webm: 4f35f7cbe854078d1ac9338744f61a02 -> 
  custom:container-demuxer-ogg: 62fdf1f143b41e24485cea50d1cbac27 -> 
  custom:video-encoder-webm-vp8: eb34c28f22e8b96e1ab97ce403110664 -> 
  custom:video-decoder-webm-vp8: 9c59270c3fd7afecdb556c50c9e8de78 -> 
  custom:audio-decoder-ogg-vorbis: bf7c407c2cedff20999df2af8eb42d56 -> 
  custom:audio-encoder-webm-vorbis: bf7c407c2cedff20999df2af8eb42d56 -> 
========================================================================
Received Import Request.
  Time since last request: 556.958551 seconds.
  path: Assets/AudioMixer/AudioMixer.mixer
  artifactKey: Guid(38a50769105f4e54f93926e5da71475f) Importer(815301076,1909f56bfc062723c751e8b465ee728b)
Start importing Assets/AudioMixer/AudioMixer.mixer using Guid(38a50769105f4e54f93926e5da71475f) Importer(815301076,1909f56bfc062723c751e8b465ee728b)  -> (artifact id: 'a9a95296dcc3bf2ac2fa5b180b2b5f68') in 0.028971 seconds 
========================================================================
Received Prepare
Registering precompiled user dll's ...
Registered in 0.009321 seconds.
Begin MonoManager ReloadAssembly
Symbol file LoadedFromMemory doesn't match image C:\Users\marcp\Tanks\TANKS-UNITY-TUTORIAL\Library\PackageCache\com.unity.visualscripting@1.6.1\Editor\VisualScripting.Core\Dependencies\DotNetZip\Unity.VisualScripting.IonicZip.dll
Symbol file LoadedFromMemory doesn't match image C:\Users\marcp\Tanks\TANKS-UNITY-TUTORIAL\Library\PackageCache\com.unity.visualscripting@1.6.1\Editor\VisualScripting.Core\Dependencies\YamlDotNet\Unity.VisualScripting.YamlDotNet.dll
Native extension for WindowsStandalone target not found
Refreshing native plugins compatible for Editor in 1.24 ms, found 3 plugins.
Preloading 0 native plugins for Editor in 0.00 ms.
Mono: successfully reloaded assembly
- Completed reload, in  1.556 seconds
Domain Reload Profiling:
	ReloadAssembly (1556ms)
		BeginReloadAssembly (168ms)
			ExecutionOrderSort (0ms)
			DisableScriptedObjects (9ms)
			BackupInstance (0ms)
			ReleaseScriptingObjects (0ms)
			CreateAndSetChildDomain (55ms)
		EndReloadAssembly (1300ms)
			LoadAssemblies (141ms)
			RebuildTransferFunctionScriptingTraits (0ms)
			SetupTypeCache (472ms)
			ReleaseScriptCaches (2ms)
			RebuildScriptCaches (56ms)
			SetupLoadedEditorAssemblies (490ms)
				LogAssemblyErrors (0ms)
				InitializePlatformSupportModulesInManaged (7ms)
				SetLoadedEditorAssemblies (1ms)
				RefreshPlugins (1ms)
				BeforeProcessingInitializeOnLoad (87ms)
				ProcessInitializeOnLoadAttributes (304ms)
				ProcessInitializeOnLoadMethodAttributes (78ms)
				AfterProcessingInitializeOnLoad (12ms)
				EditorAssembliesLoaded (0ms)
			ExecutionOrderSort2 (0ms)
			AwakeInstancesAfterBackupRestoration (14ms)
Platform modules already initialized, skipping
Refreshing native plugins compatible for Editor in 1.23 ms, found 3 plugins.
Preloading 0 native plugins for Editor in 0.00 ms.
Unloading 3624 Unused Serialized files (Serialized files now loaded: 0)
System memory in use before: 134.8 MB.
System memory in use after: 135.1 MB.

Unloading 51 unused Assets to reduce memory usage. Loaded Objects now: 4120.
Total: 10.107700 ms (FindLiveObjects: 0.396400 ms CreateObjectMapping: 0.246800 ms MarkObjects: 9.424500 ms  DeleteObjects: 0.037900 ms)

AssetImportParameters requested are different than current active one (requested -> active):
  custom:framework-win-MediaFoundation: 216162199b28c13a410421893ffa2e32 -> 
  custom:video-decoder-ogg-theora: a1e56fd34408186e4bbccfd4996cb3dc -> 
  custom:container-muxer-webm: aa71ff27fc2769a1b78a27578f13a17b -> 
  custom:container-demuxer-webm: 4f35f7cbe854078d1ac9338744f61a02 -> 
  custom:container-demuxer-ogg: 62fdf1f143b41e24485cea50d1cbac27 -> 
  custom:video-encoder-webm-vp8: eb34c28f22e8b96e1ab97ce403110664 -> 
  custom:video-decoder-webm-vp8: 9c59270c3fd7afecdb556c50c9e8de78 -> 
  custom:audio-decoder-ogg-vorbis: bf7c407c2cedff20999df2af8eb42d56 -> 
  custom:audio-encoder-webm-vorbis: bf7c407c2cedff20999df2af8eb42d56 -> 
========================================================================
Received Prepare
Refreshing native plugins compatible for Editor in 27.10 ms, found 3 plugins.
Preloading 0 native plugins for Editor in 0.00 ms.
Unloading 49 Unused Serialized files (Serialized files now loaded: 0)
System memory in use before: 64.2 MB.
System memory in use after: 64.4 MB.

Unloading 49 unused Assets to reduce memory usage. Loaded Objects now: 4120.
Total: 10.627300 ms (FindLiveObjects: 0.367700 ms CreateObjectMapping: 0.132100 ms MarkObjects: 10.057600 ms  DeleteObjects: 0.067900 ms)

AssetImportParameters requested are different than current active one (requested -> active):
  custom:framework-win-MediaFoundation: 216162199b28c13a410421893ffa2e32 -> 
  custom:video-decoder-ogg-theora: a1e56fd34408186e4bbccfd4996cb3dc -> 
  custom:container-muxer-webm: aa71ff27fc2769a1b78a27578f13a17b -> 
  custom:container-demuxer-webm: 4f35f7cbe854078d1ac9338744f61a02 -> 
  custom:container-demuxer-ogg: 62fdf1f143b41e24485cea50d1cbac27 -> 
  custom:video-encoder-webm-vp8: eb34c28f22e8b96e1ab97ce403110664 -> 
  custom:video-decoder-webm-vp8: 9c59270c3fd7afecdb556c50c9e8de78 -> 
  custom:audio-decoder-ogg-vorbis: bf7c407c2cedff20999df2af8eb42d56 -> 
  custom:audio-encoder-webm-vorbis: bf7c407c2cedff20999df2af8eb42d56 -> 
AssetImportWorkerClient::OnTransportError - code=2 error=End of file
